#
# A fatal error has been detected by the Java Runtime Environment:
#
#  SIGSEGV (0xb) at pc=0x00007f9accc9bfa5, pid=5399, tid=5425
#
# JRE version: Java(TM) SE Runtime Environment (11.0.2+9) (build 11.0.2+9-LTS)
# Java VM: Java HotSpot(TM) 64-Bit Server VM (11.0.2+9-LTS, mixed mode, tiered, compressed oops, g1 gc, linux-amd64)
# Problematic frame:
# v  ~BufferBlob::jni_fast_GetLongField
#
# Core dump will be written. Default location: Core dumps may be processed with "/usr/share/apport/apport %p %s %c %P" (or dumping to /home/user3/ work400/git/Ex10/core.5399)
#
# If you would like to submit a bug report, please visit:
#   http://bugreport.java.com/bugreport/crash.jsp
# The crash happened outside the Java Virtual Machine in native code.
# See problematic frame for where to report the bug.
#

---------------  S U M M A R Y ------------

Command Line: -Dfile.encoding=UTF-8 calc.MyCalculator

Host: Intel(R) Pentium(R) CPU G630 @ 2.70GHz, 2 cores, 3G, Ubuntu 16.04.2 LTS
Time: Mon Sep 23 11:26:29 2019 IST elapsed time: 5971 seconds (0d 1h 39m 31s)

---------------  T H R E A D  ---------------

Current thread (0x00007f9ae42f2800):  JavaThread "AWT-XAWT" daemon [_thread_in_native, id=5425, stack(0x00007f9a88a39000,0x00007f9a88b3a000)]

Stack: [0x00007f9a88a39000,0x00007f9a88b3a000],  sp=0x00007f9a88b387f8,  free space=1021k
Native frames: (J=compiled Java code, A=aot compiled Java code, j=interpreted, Vv=VM code, C=native code)
v  ~BufferBlob::jni_fast_GetLongField

Java frames: (J=compiled Java code, j=interpreted, Vv=VM code)
J 877  sun.awt.X11.XlibWrapper.XFilterEvent(JJ)Z java.desktop@11.0.2 (0 bytes) @ 0x00007f9ad474db84 [0x00007f9ad474db40+0x0000000000000044]
j  sun.awt.X11.XToolkit.run(Z)V+287 java.desktop@11.0.2
j  sun.awt.X11.XToolkit.run()V+5 java.desktop@11.0.2
j  java.lang.Thread.run()V+11 java.base@11.0.2
v  ~StubRoutines::call_stub

siginfo: si_signo: 11 (SIGSEGV), si_code: 1 (SEGV_MAPERR), si_addr: 0x0000000000000000

Register to memory mapping:

RAX=0x00007f9aeaf12000: <offset 0x0000000001405000> in /usr/lib/jvm/java-11-oracle/lib/server/libjvm.so at 0x00007f9ae9b0d000
RBX=0x00007f9ae42f2b40 points into unknown readable memory: 00 20 f1 ea 9a 7f 00 00
RCX=0x0000000000000001 is an unknown value
RDX=0x0000000000000042 is an unknown value
RSP=0x00007f9a88b387f8 is pointing into the stack for thread: 0x00007f9ae42f2800
RBP=0x00007f9a88b38820 is pointing into the stack for thread: 0x00007f9ae42f2800
RSI=0x0 is NULL
RDI=0x00007f9ae42f2b40 points into unknown readable memory: 00 20 f1 ea 9a 7f 00 00
R8 =0x0000000000000003 is an unknown value
R9 =0x0 is NULL
R10=0x0000000000002f2c is an unknown value
R11=0x0000000000000010 is an unknown value
R12=0x00007f9aa4007d40 points into unknown readable memory: 80 65 9c b5 9a 7f 00 00
R13=0x0 is NULL
R14=0x00007f9a88b388a0 is pointing into the stack for thread: 0x00007f9ae42f2800
R15=0x00007f9ae42f2800 is a thread


Registers:
RAX=0x00007f9aeaf12000, RBX=0x00007f9ae42f2b40, RCX=0x0000000000000001, RDX=0x0000000000000042
RSP=0x00007f9a88b387f8, RBP=0x00007f9a88b38820, RSI=0x0000000000000000, RDI=0x00007f9ae42f2b40
R8 =0x0000000000000003, R9 =0x0000000000000000, R10=0x0000000000002f2c, R11=0x0000000000000010
R12=0x00007f9aa4007d40, R13=0x0000000000000000, R14=0x00007f9a88b388a0, R15=0x00007f9ae42f2800
RIP=0x00007f9accc9bfa5, EFLAGS=0x0000000000010246, CSGSFS=0x002b000000000033, ERR=0x0000000000000004
  TRAPNO=0x000000000000000e

Top of Stack: (sp=0x00007f9a88b387f8)
0x00007f9a88b387f8:   00007f9ab5c114a3 00007f9a88b38930
0x00007f9a88b38808:   00007f9ab7e873a8 00007f9aa4007d40
0x00007f9a88b38818:   00007f9a88b388c8 0000000000000000
0x00007f9a88b38828:   00007f9ab56f3420 00007f9ab7e873a8 

Instructions: (pc=0x00007f9accc9bfa5)
0x00007f9accc9bf85:   2d 1e 4c 8b ce 41 f6 c2 01 0f 85 32 00 00 00 4d
0x00007f9accc9bf95:   33 ca 4d 33 ca 4c 8b da 49 c1 eb 02 49 83 e1 fe
0x00007f9accc9bfa5:   4d 8b 09 4b 8b 04 19 49 bb 8c 37 f7 ea 9a 7f 00
0x00007f9accc9bfb5:   00 4c 33 d8 4c 33 d8 45 3b 13 0f 85 01 00 00 00 

Stack slot to memory mapping:
stack at sp + 0 slots: 0x00007f9ab5c114a3: <offset 0x00000000000364a3> in /usr/lib/jvm/java-11-oracle/lib/libawt_xawt.so at 0x00007f9ab5bdb000
stack at sp + 1 slots: 0x00007f9a88b38930 is pointing into the stack for thread: 0x00007f9ae42f2800
stack at sp + 2 slots: {method} {0x00007f9ab7e873a8} 'XFilterEvent' '(JJ)Z' in 'sun/awt/X11/XlibWrapper'
stack at sp + 3 slots: 0x00007f9aa4007d40 points into unknown readable memory: 80 65 9c b5 9a 7f 00 00
stack at sp + 4 slots: 0x00007f9a88b388c8 is pointing into the stack for thread: 0x00007f9ae42f2800
stack at sp + 5 slots: 0x0 is NULL
stack at sp + 6 slots: 0x00007f9ab56f3420: _XimServerDestroy+0x0000000000000070 in /usr/lib/x86_64-linux-gnu/libX11.so.6 at 0x00007f9ab568f000
stack at sp + 7 slots: {method} {0x00007f9ab7e873a8} 'XFilterEvent' '(JJ)Z' in 'sun/awt/X11/XlibWrapper'



---------------  P R O C E S S  ---------------

Threads class SMR info:
_java_thread_list=0x00007f9a9c0085f0, length=19, elements={
0x00007f9ae40f8800, 0x00007f9ae40fc800, 0x00007f9ae410f000, 0x00007f9ae4111000,
0x00007f9ae4113800, 0x00007f9ae4115800, 0x00007f9ae4172800, 0x00007f9ae4184000,
0x00007f9ae42c4800, 0x00007f9ae42f2800, 0x00007f9ae438e000, 0x00007f9ae454e800,
0x00007f9ae4011000, 0x00007f9aa4011000, 0x00007f9a9c001800, 0x00007f9a9c003800,
0x00007f9a9c005000, 0x00007f9ab8001000, 0x00007f9a9c007000
}

Java Threads: ( => current thread )
  0x00007f9ae40f8800 JavaThread "Reference Handler" daemon [_thread_blocked, id=5412, stack(0x00007f9ab76ff000,0x00007f9ab7800000)]
  0x00007f9ae40fc800 JavaThread "Finalizer" daemon [_thread_blocked, id=5413, stack(0x00007f9ab75fe000,0x00007f9ab76ff000)]
  0x00007f9ae410f000 JavaThread "Signal Dispatcher" daemon [_thread_blocked, id=5414, stack(0x00007f9ab6b3e000,0x00007f9ab6c3f000)]
  0x00007f9ae4111000 JavaThread "C2 CompilerThread0" daemon [_thread_blocked, id=5415, stack(0x00007f9ab6a3d000,0x00007f9ab6b3e000)]
  0x00007f9ae4113800 JavaThread "C1 CompilerThread0" daemon [_thread_blocked, id=5416, stack(0x00007f9ab693c000,0x00007f9ab6a3d000)]
  0x00007f9ae4115800 JavaThread "Sweeper thread" daemon [_thread_blocked, id=5417, stack(0x00007f9ab683b000,0x00007f9ab693c000)]
  0x00007f9ae4172800 JavaThread "Service Thread" daemon [_thread_blocked, id=5418, stack(0x00007f9ab673a000,0x00007f9ab683b000)]
  0x00007f9ae4184000 JavaThread "Common-Cleaner" daemon [_thread_blocked, id=5420, stack(0x00007f9ab6538000,0x00007f9ab6639000)]
  0x00007f9ae42c4800 JavaThread "Java2D Disposer" daemon [_thread_blocked, id=5424, stack(0x00007f9a8914a000,0x00007f9a8924b000)]
=>0x00007f9ae42f2800 JavaThread "AWT-XAWT" daemon [_thread_in_native, id=5425, stack(0x00007f9a88a39000,0x00007f9a88b3a000)]
  0x00007f9ae438e000 JavaThread "AWT-Shutdown" [_thread_blocked, id=5426, stack(0x00007f9a88938000,0x00007f9a88a39000)]
  0x00007f9ae454e800 JavaThread "AWT-EventQueue-0" [_thread_blocked, id=5428, stack(0x00007f9a88336000,0x00007f9a88437000)]
  0x00007f9ae4011000 JavaThread "DestroyJavaVM" [_thread_blocked, id=5401, stack(0x00007f9aebc91000,0x00007f9aebd92000)]
  0x00007f9aa4011000 JavaThread "TimerQueue" daemon [_thread_blocked, id=5430, stack(0x00007f9a88235000,0x00007f9a88336000)]
  0x00007f9a9c001800 JavaThread "SIGHUP handler" daemon [_thread_blocked, id=7415, stack(0x00007f9a88134000,0x00007f9a88235000)]
  0x00007f9a9c003800 JavaThread "SIGHUP handler" daemon [_thread_blocked, id=7422, stack(0x00007f9a88033000,0x00007f9a88134000)]
  0x00007f9a9c005000 JavaThread "SIGTERM handler" daemon [_thread_blocked, id=7423, stack(0x00007f9a87f32000,0x00007f9a88033000)]
  0x00007f9ab8001000 JavaThread "XToolkt-Shutdown-Thread" [_thread_blocked, id=7425, stack(0x00007f9a87e31000,0x00007f9a87f32000)]
  0x00007f9a9c007000 JavaThread "SIGTERM handler" daemon [_thread_blocked, id=7430, stack(0x00007f9a87d30000,0x00007f9a87e31000)]

Other Threads:
  0x00007f9ae40f0800 VMThread "VM Thread" [stack: 0x00007f9ac40d0000,0x00007f9ac41d0000] [id=5411]
  0x00007f9ae417d000 WatcherThread [stack: 0x00007f9ab663a000,0x00007f9ab673a000] [id=5419]
  0x00007f9ae4038800 GCTaskThread "GC Thread#0" [stack: 0x00007f9ae8286000,0x00007f9ae8386000] [id=5404]
  0x00007f9aac009000 GCTaskThread "GC Thread#1" [stack: 0x00007f9a88638000,0x00007f9a88738000] [id=5427]
  0x00007f9ae4053000 ConcurrentGCThread "G1 Main Marker" [stack: 0x00007f9acc599000,0x00007f9acc699000] [id=5407]
  0x00007f9ae4055000 ConcurrentGCThread "G1 Conc#0" [stack: 0x00007f9acc498000,0x00007f9acc598000] [id=5408]
  0x00007f9ae4090000 ConcurrentGCThread "G1 Refine#0" [stack: 0x00007f9acc195000,0x00007f9acc295000] [id=5409]
  0x00007f9ae4092000 ConcurrentGCThread "G1 Young RemSet Sampling" [stack: 0x00007f9acc094000,0x00007f9acc194000] [id=5410]

Threads with active compile tasks:

VM state:not at safepoint (normal execution)

VM Mutex/Monitor currently owned by a thread: None

Heap address: 0x00000000c3a00000, size: 966 MB, Compressed Oops mode: 32-bit
Narrow klass base: 0x0000000000000000, Narrow klass shift: 3
Compressed class space size: 1073741824 Address: 0x0000000100000000

Heap:
 garbage-first heap   total 63488K, used 2468K [0x00000000c3a00000, 0x0000000100000000)
  region size 1024K, 2 young (2048K), 1 survivors (1024K)
 Metaspace       used 15326K, capacity 15705K, committed 16000K, reserved 1062912K
  class space    used 1606K, capacity 1820K, committed 1920K, reserved 1048576K
Heap Regions: E=young(eden), S=young(survivor), O=old, HS=humongous(starts), HC=humongous(continues), CS=collection set, F=free, A=archive, TAMS=top-at-mark-start (previous, next)
|   0|0x00000000c3a00000, 0x00000000c3b00000, 0x00000000c3b00000|100%| O|  |TAMS 0x00000000c3a00000, 0x00000000c3a00000| Untracked 
|   1|0x00000000c3b00000, 0x00000000c3bd3000, 0x00000000c3c00000| 82%| O|  |TAMS 0x00000000c3b00000, 0x00000000c3b00000| Untracked 
|   2|0x00000000c3c00000, 0x00000000c3c00000, 0x00000000c3d00000|  0%| F|  |TAMS 0x00000000c3c00000, 0x00000000c3c00000| Untracked 
|   3|0x00000000c3d00000, 0x00000000c3d00000, 0x00000000c3e00000|  0%| F|  |TAMS 0x00000000c3d00000, 0x00000000c3d00000| Untracked 
|   4|0x00000000c3e00000, 0x00000000c3e00000, 0x00000000c3f00000|  0%| F|  |TAMS 0x00000000c3e00000, 0x00000000c3e00000| Untracked 
|   5|0x00000000c3f00000, 0x00000000c3f00000, 0x00000000c4000000|  0%| F|  |TAMS 0x00000000c3f00000, 0x00000000c3f00000| Untracked 
|   6|0x00000000c4000000, 0x00000000c4000000, 0x00000000c4100000|  0%| F|  |TAMS 0x00000000c4000000, 0x00000000c4000000| Untracked 
|   7|0x00000000c4100000, 0x00000000c4100000, 0x00000000c4200000|  0%| F|  |TAMS 0x00000000c4100000, 0x00000000c4100000| Untracked 
|   8|0x00000000c4200000, 0x00000000c4200000, 0x00000000c4300000|  0%| F|  |TAMS 0x00000000c4200000, 0x00000000c4200000| Untracked 
|   9|0x00000000c4300000, 0x00000000c4300000, 0x00000000c4400000|  0%| F|  |TAMS 0x00000000c4300000, 0x00000000c4300000| Untracked 
|  10|0x00000000c4400000, 0x00000000c4400000, 0x00000000c4500000|  0%| F|  |TAMS 0x00000000c4400000, 0x00000000c4400000| Untracked 
|  11|0x00000000c4500000, 0x00000000c4500000, 0x00000000c4600000|  0%| F|  |TAMS 0x00000000c4500000, 0x00000000c4500000| Untracked 
|  12|0x00000000c4600000, 0x00000000c4600000, 0x00000000c4700000|  0%| F|  |TAMS 0x00000000c4600000, 0x00000000c4600000| Untracked 
|  13|0x00000000c4700000, 0x00000000c4700000, 0x00000000c4800000|  0%| F|  |TAMS 0x00000000c4700000, 0x00000000c4700000| Untracked 
|  14|0x00000000c4800000, 0x00000000c4800000, 0x00000000c4900000|  0%| F|  |TAMS 0x00000000c4800000, 0x00000000c4800000| Untracked 
|  15|0x00000000c4900000, 0x00000000c4900000, 0x00000000c4a00000|  0%| F|  |TAMS 0x00000000c4900000, 0x00000000c4900000| Untracked 
|  16|0x00000000c4a00000, 0x00000000c4a00000, 0x00000000c4b00000|  0%| F|  |TAMS 0x00000000c4a00000, 0x00000000c4a00000| Untracked 
|  17|0x00000000c4b00000, 0x00000000c4b00000, 0x00000000c4c00000|  0%| F|  |TAMS 0x00000000c4b00000, 0x00000000c4b00000| Untracked 
|  18|0x00000000c4c00000, 0x00000000c4c00000, 0x00000000c4d00000|  0%| F|  |TAMS 0x00000000c4c00000, 0x00000000c4c00000| Untracked 
|  19|0x00000000c4d00000, 0x00000000c4d00000, 0x00000000c4e00000|  0%| F|  |TAMS 0x00000000c4d00000, 0x00000000c4d00000| Untracked 
|  20|0x00000000c4e00000, 0x00000000c4e00000, 0x00000000c4f00000|  0%| F|  |TAMS 0x00000000c4e00000, 0x00000000c4e00000| Untracked 
|  21|0x00000000c4f00000, 0x00000000c4f00000, 0x00000000c5000000|  0%| F|  |TAMS 0x00000000c4f00000, 0x00000000c4f00000| Untracked 
|  22|0x00000000c5000000, 0x00000000c5000000, 0x00000000c5100000|  0%| F|  |TAMS 0x00000000c5000000, 0x00000000c5000000| Untracked 
|  23|0x00000000c5100000, 0x00000000c5100000, 0x00000000c5200000|  0%| F|  |TAMS 0x00000000c5100000, 0x00000000c5100000| Untracked 
|  24|0x00000000c5200000, 0x00000000c5200000, 0x00000000c5300000|  0%| F|  |TAMS 0x00000000c5200000, 0x00000000c5200000| Untracked 
|  25|0x00000000c5300000, 0x00000000c5300000, 0x00000000c5400000|  0%| F|  |TAMS 0x00000000c5300000, 0x00000000c5300000| Untracked 
|  26|0x00000000c5400000, 0x00000000c5400000, 0x00000000c5500000|  0%| F|  |TAMS 0x00000000c5400000, 0x00000000c5400000| Untracked 
|  27|0x00000000c5500000, 0x00000000c5500000, 0x00000000c5600000|  0%| F|  |TAMS 0x00000000c5500000, 0x00000000c5500000| Untracked 
|  28|0x00000000c5600000, 0x00000000c5600000, 0x00000000c5700000|  0%| F|  |TAMS 0x00000000c5600000, 0x00000000c5600000| Untracked 
|  29|0x00000000c5700000, 0x00000000c5700000, 0x00000000c5800000|  0%| F|  |TAMS 0x00000000c5700000, 0x00000000c5700000| Untracked 
|  30|0x00000000c5800000, 0x00000000c5800000, 0x00000000c5900000|  0%| F|  |TAMS 0x00000000c5800000, 0x00000000c5800000| Untracked 
|  31|0x00000000c5900000, 0x00000000c5900000, 0x00000000c5a00000|  0%| F|  |TAMS 0x00000000c5900000, 0x00000000c5900000| Untracked 
|  32|0x00000000c5a00000, 0x00000000c5a00000, 0x00000000c5b00000|  0%| F|  |TAMS 0x00000000c5a00000, 0x00000000c5a00000| Untracked 
|  33|0x00000000c5b00000, 0x00000000c5b00000, 0x00000000c5c00000|  0%| F|  |TAMS 0x00000000c5b00000, 0x00000000c5b00000| Untracked 
|  34|0x00000000c5c00000, 0x00000000c5c00000, 0x00000000c5d00000|  0%| F|  |TAMS 0x00000000c5c00000, 0x00000000c5c00000| Untracked 
|  35|0x00000000c5d00000, 0x00000000c5d00000, 0x00000000c5e00000|  0%| F|  |TAMS 0x00000000c5d00000, 0x00000000c5d00000| Untracked 
|  36|0x00000000c5e00000, 0x00000000c5e00000, 0x00000000c5f00000|  0%| F|  |TAMS 0x00000000c5e00000, 0x00000000c5e00000| Untracked 
|  37|0x00000000c5f00000, 0x00000000c5f00000, 0x00000000c6000000|  0%| F|  |TAMS 0x00000000c5f00000, 0x00000000c5f00000| Untracked 
|  38|0x00000000c6000000, 0x00000000c6000000, 0x00000000c6100000|  0%| F|  |TAMS 0x00000000c6000000, 0x00000000c6000000| Untracked 
|  39|0x00000000c6100000, 0x00000000c6100000, 0x00000000c6200000|  0%| F|  |TAMS 0x00000000c6100000, 0x00000000c6100000| Untracked 
|  40|0x00000000c6200000, 0x00000000c6200000, 0x00000000c6300000|  0%| F|  |TAMS 0x00000000c6200000, 0x00000000c6200000| Untracked 
|  41|0x00000000c6300000, 0x00000000c6300000, 0x00000000c6400000|  0%| F|  |TAMS 0x00000000c6300000, 0x00000000c6300000| Untracked 
|  42|0x00000000c6400000, 0x00000000c6400000, 0x00000000c6500000|  0%| F|  |TAMS 0x00000000c6400000, 0x00000000c6400000| Untracked 
|  43|0x00000000c6500000, 0x00000000c6500000, 0x00000000c6600000|  0%| F|  |TAMS 0x00000000c6500000, 0x00000000c6500000| Untracked 
|  44|0x00000000c6600000, 0x00000000c6600000, 0x00000000c6700000|  0%| F|  |TAMS 0x00000000c6600000, 0x00000000c6600000| Untracked 
|  45|0x00000000c6700000, 0x00000000c6700000, 0x00000000c6800000|  0%| F|  |TAMS 0x00000000c6700000, 0x00000000c6700000| Untracked 
|  46|0x00000000c6800000, 0x00000000c6800000, 0x00000000c6900000|  0%| F|  |TAMS 0x00000000c6800000, 0x00000000c6800000| Untracked 
|  47|0x00000000c6900000, 0x00000000c6900000, 0x00000000c6a00000|  0%| F|  |TAMS 0x00000000c6900000, 0x00000000c6900000| Untracked 
|  48|0x00000000c6a00000, 0x00000000c6a00000, 0x00000000c6b00000|  0%| F|  |TAMS 0x00000000c6a00000, 0x00000000c6a00000| Untracked 
|  49|0x00000000c6b00000, 0x00000000c6b00000, 0x00000000c6c00000|  0%| F|  |TAMS 0x00000000c6b00000, 0x00000000c6b00000| Untracked 
|  50|0x00000000c6c00000, 0x00000000c6c00000, 0x00000000c6d00000|  0%| F|  |TAMS 0x00000000c6c00000, 0x00000000c6c00000| Untracked 
|  51|0x00000000c6d00000, 0x00000000c6d00000, 0x00000000c6e00000|  0%| F|  |TAMS 0x00000000c6d00000, 0x00000000c6d00000| Untracked 
|  52|0x00000000c6e00000, 0x00000000c6e00000, 0x00000000c6f00000|  0%| F|  |TAMS 0x00000000c6e00000, 0x00000000c6e00000| Untracked 
|  53|0x00000000c6f00000, 0x00000000c6f00000, 0x00000000c7000000|  0%| F|  |TAMS 0x00000000c6f00000, 0x00000000c6f00000| Untracked 
|  54|0x00000000c7000000, 0x00000000c7000000, 0x00000000c7100000|  0%| F|  |TAMS 0x00000000c7000000, 0x00000000c7000000| Untracked 
|  55|0x00000000c7100000, 0x00000000c7100000, 0x00000000c7200000|  0%| F|  |TAMS 0x00000000c7100000, 0x00000000c7100000| Untracked 
|  56|0x00000000c7200000, 0x00000000c7200000, 0x00000000c7300000|  0%| F|  |TAMS 0x00000000c7200000, 0x00000000c7200000| Untracked 
|  57|0x00000000c7300000, 0x00000000c73963c0, 0x00000000c7400000| 58%| S|CS|TAMS 0x00000000c7300000, 0x00000000c7300000| Complete 
|  58|0x00000000c7400000, 0x00000000c7400000, 0x00000000c7500000|  0%| F|  |TAMS 0x00000000c7400000, 0x00000000c7400000| Untracked 
|  59|0x00000000c7500000, 0x00000000c7500000, 0x00000000c7600000|  0%| F|  |TAMS 0x00000000c7500000, 0x00000000c7500000| Untracked 
|  60|0x00000000c7600000, 0x00000000c7600000, 0x00000000c7700000|  0%| F|  |TAMS 0x00000000c7600000, 0x00000000c7600000| Untracked 
|  61|0x00000000c7700000, 0x00000000c77712d8, 0x00000000c7800000| 44%| E|  |TAMS 0x00000000c7700000, 0x00000000c7700000| Complete 

Card table byte_map: [0x00007f9acc87c000,0x00007f9acca5f000] _byte_map_base: 0x00007f9acc25f000

Marking Bits (Prev, Next): (CMBitMap*) 0x00007f9ae404e678, (CMBitMap*) 0x00007f9ae404e6b0
 Prev Bits: [0x00007f9ac70e8000, 0x00007f9ac8000000)
 Next Bits: [0x00007f9ac61d0000, 0x00007f9ac70e8000)

Polling page: 0x00007f9aebdd3000

Metaspace:

Usage:
  Non-class:     13.56 MB capacity,    13.40 MB ( 99%) used,   120.94 KB ( <1%) free+waste,    43.75 KB ( <1%) overhead. 
      Class:      1.78 MB capacity,     1.57 MB ( 88%) used,   189.77 KB ( 10%) free+waste,    23.62 KB (  1%) overhead. 
       Both:     15.34 MB capacity,    14.97 MB ( 98%) used,   310.71 KB (  2%) free+waste,    67.38 KB ( <1%) overhead. 

Virtual space:
  Non-class space:       14.00 MB reserved,      13.75 MB ( 98%) committed 
      Class space:        1.00 GB reserved,       1.88 MB ( <1%) committed 
             Both:        1.01 GB reserved,      15.62 MB (  2%) committed 

Chunk freelists:
   Non-Class:  4.88 KB
       Class:  512 bytes
        Both:  5.38 KB

CodeHeap 'non-profiled nmethods': size=120036Kb used=324Kb max_used=324Kb free=119711Kb
 bounds [0x00007f9ad4709000, 0x00007f9ad4979000, 0x00007f9adbc42000]
CodeHeap 'profiled nmethods': size=120032Kb used=1664Kb max_used=1664Kb free=118367Kb
 bounds [0x00007f9acd1d1000, 0x00007f9acd441000, 0x00007f9ad4709000]
CodeHeap 'non-nmethods': size=5692Kb used=1213Kb max_used=1227Kb free=4478Kb
 bounds [0x00007f9accc42000, 0x00007f9acceb2000, 0x00007f9acd1d1000]
 total_blobs=1857 nmethods=994 adapters=545
 compilation: enabled
              stopped_count=0, restarted_count=0
 full_count=0

Compilation events (10 events):
Event: 4291.464 Thread 0x00007f9ae4113800 1059       3       sun.awt.X11.XNETProtocol::isStateChange (50 bytes)
Event: 4291.465 Thread 0x00007f9ae4113800 nmethod 1059 0x00007f9acd290d10 code [0x00007f9acd290fe0, 0x00007f9acd292028]
Event: 4355.931 Thread 0x00007f9ae4113800 1060       3       sun.awt.X11.Native::getLongSize (4 bytes)
Event: 4355.931 Thread 0x00007f9ae4113800 nmethod 1060 0x00007f9acd1f3390 code [0x00007f9acd1f3540, 0x00007f9acd1f3690]
Event: 4928.197 Thread 0x00007f9ae4113800 1061       3       sun.awt.X11.XAtom::getAtomSize (4 bytes)
Event: 4928.197 Thread 0x00007f9ae4113800 nmethod 1061 0x00007f9acd206710 code [0x00007f9acd2068c0, 0x00007f9acd206a50]
Event: 5484.024 Thread 0x00007f9ae4111000 1062       4       sun.awt.X11.XAtom::hashCode (15 bytes)
Event: 5484.025 Thread 0x00007f9ae4111000 nmethod 1062 0x00007f9ad475a010 code [0x00007f9ad475a1a0, 0x00007f9ad475a218]
Event: 5802.274 Thread 0x00007f9ae4113800 1063  s    3       sun.java2d.Disposer::add (61 bytes)
Event: 5802.277 Thread 0x00007f9ae4113800 nmethod 1063 0x00007f9acd2e4990 code [0x00007f9acd2e4bc0, 0x00007f9acd2e5748]

GC Heap History (2 events):
Event: 0.593 GC heap before
{Heap before GC invocations=0 (full 0):
 garbage-first heap   total 63488K, used 7168K [0x00000000c3a00000, 0x0000000100000000)
  region size 1024K, 7 young (7168K), 0 survivors (0K)
 Metaspace       used 12227K, capacity 12607K, committed 12800K, reserved 1060864K
  class space    used 1264K, capacity 1449K, committed 1536K, reserved 1048576K
}
Event: 0.601 GC heap after
{Heap after GC invocations=1 (full 0):
 garbage-first heap   total 63488K, used 1857K [0x00000000c3a00000, 0x0000000100000000)
  region size 1024K, 1 young (1024K), 1 survivors (1024K)
 Metaspace       used 12227K, capacity 12607K, committed 12800K, reserved 1060864K
  class space    used 1264K, capacity 1449K, committed 1536K, reserved 1048576K
}

Deoptimization events (2 events):
Event: 0.128 Thread 0x00007f9ae4011000 Uncommon trap: reason=unstable_if action=reinterpret pc=0x00007f9ad470cff8 method=java.lang.String.hashCode()I @ 14 c2
Event: 0.649 Thread 0x00007f9ae4011000 Uncommon trap: reason=unstable_if action=reinterpret pc=0x00007f9ad471c4f8 method=java.lang.String.isLatin1()Z @ 10 c2

Classes redefined (0 events):
No events

Internal exceptions (10 events):
Event: 0.537 Thread 0x00007f9ae4011000 Exception <a 'java/lang/NoSuchMethodError'{0x00000000c7240b18}: java.lang.invoke.DirectMethodHandle$Holder.invokeSpecial(Ljava/lang/Object;Ljava/lang/Object;ILjava/lang/Object;Ljava/lang/Object;Ljava/lang/Object;)Ljava/lang/Object;> (0x00000000c7240b18) t
Event: 0.567 Thread 0x00007f9ae4011000 Exception <a 'java/lang/NoSuchMethodError'{0x00000000c714eee8}: java.lang.invoke.Invokers$Holder.linkToTargetMethod(Ljava/lang/Object;ILjava/lang/Object;)Ljava/lang/Object;> (0x00000000c714eee8) thrown at [/scratch/opt/mach5/mesos/work_dir/slaves/2dd962d0
Event: 0.580 Thread 0x00007f9ae4011000 Exception <a 'java/lang/ClassNotFoundException'{0x00000000c71b66e0}: com/sun/swing/internal/plaf/metal/resources/spi/metalProvider> (0x00000000c71b66e0) thrown at [/scratch/opt/mach5/mesos/work_dir/slaves/2dd962d0-8988-479b-a804-57ab764ada59-S1222/framewo
Event: 0.581 Thread 0x00007f9ae4011000 Exception <a 'java/lang/ClassNotFoundException'{0x00000000c71baa78}: com/sun/swing/internal/plaf/basic/resources/spi/basicProvider> (0x00000000c71baa78) thrown at [/scratch/opt/mach5/mesos/work_dir/slaves/2dd962d0-8988-479b-a804-57ab764ada59-S1222/framewo
Event: 0.622 Thread 0x00007f9ae4011000 Exception <a 'java/lang/ClassNotFoundException'{0x00000000c7757a68}: com/sun/java/swing/plaf/motif/resources/spi/motifProvider> (0x00000000c7757a68) thrown at [/scratch/opt/mach5/mesos/work_dir/slaves/2dd962d0-8988-479b-a804-57ab764ada59-S1222/frameworks/
Event: 0.717 Thread 0x00007f9ae4011000 Exception <a 'java/lang/NoSuchMethodError'{0x00000000c76faaf0}: java.lang.invoke.DirectMethodHandle$Holder.invokeStatic(Ljava/lang/Object;Ljava/lang/Object;Ljava/lang/Object;Ljava/lang/Object;Ljava/lang/Object;Ljava/lang/Object;Ljava/lang/Object;Ljava/lan
Event: 0.719 Thread 0x00007f9ae4011000 Exception <a 'java/lang/NoSuchMethodError'{0x00000000c7519130}: java.lang.invoke.DirectMethodHandle$Holder.invokeStatic(Ljava/lang/Object;Ljava/lang/Object;Ljava/lang/Object;Ljava/lang/Object;Ljava/lang/Object;Ljava/lang/Object;Ljava/lang/Object;Ljava/lan
Event: 0.721 Thread 0x00007f9ae4011000 Exception <a 'java/lang/NoSuchMethodError'{0x00000000c7538160}: java.lang.invoke.DirectMethodHandle$Holder.invokeStatic(Ljava/lang/Object;Ljava/lang/Object;Ljava/lang/Object;Ljava/lang/Object;Ljava/lang/Object;Ljava/lang/Object;Ljava/lang/Object;Ljava/lan
Event: 0.723 Thread 0x00007f9ae4011000 Exception <a 'java/lang/NoSuchMethodError'{0x00000000c7558818}: java.lang.invoke.DirectMethodHandle$Holder.invokeStatic(Ljava/lang/Object;Ljava/lang/Object;Ljava/lang/Object;Ljava/lang/Object;Ljava/lang/Object;Ljava/lang/Object;Ljava/lang/Object;Ljava/lan
Event: 0.906 Thread 0x00007f9ae454e800 Exception <a 'java/lang/UnsupportedOperationException'{0x00000000c758c5a8}: > (0x00000000c758c5a8) thrown at [/scratch/opt/mach5/mesos/work_dir/slaves/2dd962d0-8988-479b-a804-57ab764ada59-S1222/frameworks/1735e8a2-a1db-478c-8104-60c8b0af87dd-0196/executor

Events (10 events):
Event: 932.603 Thread 0x00007f9ae4115800 flushing nmethod 0x00007f9acd2b2a90
Event: 1779.205 Thread 0x00007f9ae4115800 flushing nmethod 0x00007f9acd2f9610
Event: 2197.825 Thread 0x00007f9ae4115800 flushing nmethod 0x00007f9acd2f6810
Event: 2415.736 Thread 0x00007f9ae4115800 flushing nmethod 0x00007f9acd2f8c90
Event: 2415.736 Thread 0x00007f9ae4115800 flushing nmethod 0x00007f9acd2f9b90
Event: 2607.668 Thread 0x00007f9ae4115800 flushing nmethod 0x00007f9acd307b90
Event: 3212.616 Thread 0x00007f9ae4115800 flushing nmethod 0x00007f9acd32b210
Event: 3578.911 Thread 0x00007f9ae4115800 flushing nmethod 0x00007f9acd2fb590
Event: 4233.320 Thread 0x00007f9ae4115800 flushing nmethod 0x00007f9acd20f210
Event: 5484.027 Thread 0x00007f9ae4115800 flushing nmethod 0x00007f9acd2fac90


Dynamic libraries:
00400000-00401000 r-xp 00000000 08:01 1573005                            /usr/lib/jvm/java-11-oracle/bin/java
00600000-00601000 r--p 00000000 08:01 1573005                            /usr/lib/jvm/java-11-oracle/bin/java
00601000-00602000 rw-p 00001000 08:01 1573005                            /usr/lib/jvm/java-11-oracle/bin/java
021be000-021df000 rw-p 00000000 00:00 0                                  [heap]
c3a00000-c7800000 rw-p 00000000 00:00 0 
c7800000-100000000 ---p 00000000 00:00 0 
100000000-1001e0000 rw-p 00000000 00:00 0 
1001e0000-140000000 ---p 00000000 00:00 0 
7f9a87d30000-7f9a87d34000 ---p 00000000 00:00 0 
7f9a87d34000-7f9a87e31000 rw-p 00000000 00:00 0 
7f9a87e31000-7f9a87e35000 ---p 00000000 00:00 0 
7f9a87e35000-7f9a87f32000 rw-p 00000000 00:00 0 
7f9a87f32000-7f9a87f36000 ---p 00000000 00:00 0 
7f9a87f36000-7f9a88033000 rw-p 00000000 00:00 0 
7f9a88033000-7f9a88037000 ---p 00000000 00:00 0 
7f9a88037000-7f9a88134000 rw-p 00000000 00:00 0 
7f9a88134000-7f9a88138000 ---p 00000000 00:00 0 
7f9a88138000-7f9a88235000 rw-p 00000000 00:00 0 
7f9a88235000-7f9a88239000 ---p 00000000 00:00 0 
7f9a88239000-7f9a88336000 rw-p 00000000 00:00 0 
7f9a88336000-7f9a8833a000 ---p 00000000 00:00 0 
7f9a8833a000-7f9a885f7000 rw-p 00000000 00:00 0 
7f9a885f7000-7f9a88637000 ---p 00000000 00:00 0 
7f9a88637000-7f9a88638000 ---p 00000000 00:00 0 
7f9a88638000-7f9a88938000 rw-p 00000000 00:00 0 
7f9a88938000-7f9a8893c000 ---p 00000000 00:00 0 
7f9a8893c000-7f9a88a39000 rw-p 00000000 00:00 0 
7f9a88a39000-7f9a88a3d000 ---p 00000000 00:00 0 
7f9a88a3d000-7f9a88d3a000 rw-p 00000000 00:00 0 
7f9a88d3a000-7f9a88d3f000 r-xp 00000000 08:01 1450081                    /usr/lib/x86_64-linux-gnu/libXfixes.so.3.1.0
7f9a88d3f000-7f9a88f3e000 ---p 00005000 08:01 1450081                    /usr/lib/x86_64-linux-gnu/libXfixes.so.3.1.0
7f9a88f3e000-7f9a88f3f000 r--p 00004000 08:01 1450081                    /usr/lib/x86_64-linux-gnu/libXfixes.so.3.1.0
7f9a88f3f000-7f9a88f40000 rw-p 00005000 08:01 1450081                    /usr/lib/x86_64-linux-gnu/libXfixes.so.3.1.0
7f9a88f40000-7f9a88f49000 r-xp 00000000 08:01 1450509                    /usr/lib/x86_64-linux-gnu/libXcursor.so.1.0.2
7f9a88f49000-7f9a89148000 ---p 00009000 08:01 1450509                    /usr/lib/x86_64-linux-gnu/libXcursor.so.1.0.2
7f9a89148000-7f9a89149000 r--p 00008000 08:01 1450509                    /usr/lib/x86_64-linux-gnu/libXcursor.so.1.0.2
7f9a89149000-7f9a8914a000 rw-p 00009000 08:01 1450509                    /usr/lib/x86_64-linux-gnu/libXcursor.so.1.0.2
7f9a8914a000-7f9a8914e000 ---p 00000000 00:00 0 
7f9a8914e000-7f9a8924b000 rw-p 00000000 00:00 0 
7f9a8924b000-7f9a8924c000 ---p 00000000 00:00 0 
7f9a8924c000-7f9a89a4c000 rw-p 00000000 00:00 0 
7f9a89a4c000-7f9a89a4d000 ---p 00000000 00:00 0 
7f9a89a4d000-7f9a8a24d000 rw-p 00000000 00:00 0 
7f9a8a24d000-7f9a8a24e000 ---p 00000000 00:00 0 
7f9a8a24e000-7f9a8aa4e000 rw-p 00000000 00:00 0 
7f9a8aa4e000-7f9a8aa59000 r-xp 00000000 08:01 1707161                    /usr/lib/x86_64-linux-gnu/gio/modules/libdconfsettings.so
7f9a8aa59000-7f9a8ac59000 ---p 0000b000 08:01 1707161                    /usr/lib/x86_64-linux-gnu/gio/modules/libdconfsettings.so
7f9a8ac59000-7f9a8ac5a000 r--p 0000b000 08:01 1707161                    /usr/lib/x86_64-linux-gnu/gio/modules/libdconfsettings.so
7f9a8ac5a000-7f9a8ac5b000 rw-p 0000c000 08:01 1707161                    /usr/lib/x86_64-linux-gnu/gio/modules/libdconfsettings.so
7f9a8ac5b000-7f9a8acc9000 r-xp 00000000 08:01 8131177                    /lib/x86_64-linux-gnu/libpcre.so.3.13.2
7f9a8acc9000-7f9a8aec9000 ---p 0006e000 08:01 8131177                    /lib/x86_64-linux-gnu/libpcre.so.3.13.2
7f9a8aec9000-7f9a8aeca000 r--p 0006e000 08:01 8131177                    /lib/x86_64-linux-gnu/libpcre.so.3.13.2
7f9a8aeca000-7f9a8aecb000 rw-p 0006f000 08:01 8131177                    /lib/x86_64-linux-gnu/libpcre.so.3.13.2
7f9a8aecb000-7f9a8aed2000 r-xp 00000000 08:01 1450451                    /usr/lib/x86_64-linux-gnu/libffi.so.6.0.4
7f9a8aed2000-7f9a8b0d1000 ---p 00007000 08:01 1450451                    /usr/lib/x86_64-linux-gnu/libffi.so.6.0.4
7f9a8b0d1000-7f9a8b0d2000 r--p 00006000 08:01 1450451                    /usr/lib/x86_64-linux-gnu/libffi.so.6.0.4
7f9a8b0d2000-7f9a8b0d3000 rw-p 00007000 08:01 1450451                    /usr/lib/x86_64-linux-gnu/libffi.so.6.0.4
7f9a8b0d3000-7f9a8b0ea000 r-xp 00000000 08:01 8126555                    /lib/x86_64-linux-gnu/libresolv-2.23.so
7f9a8b0ea000-7f9a8b2ea000 ---p 00017000 08:01 8126555                    /lib/x86_64-linux-gnu/libresolv-2.23.so
7f9a8b2ea000-7f9a8b2eb000 r--p 00017000 08:01 8126555                    /lib/x86_64-linux-gnu/libresolv-2.23.so
7f9a8b2eb000-7f9a8b2ec000 rw-p 00018000 08:01 8126555                    /lib/x86_64-linux-gnu/libresolv-2.23.so
7f9a8b2ec000-7f9a8b2ee000 rw-p 00000000 00:00 0 
7f9a8b2ee000-7f9a8b30d000 r-xp 00000000 08:01 8131206                    /lib/x86_64-linux-gnu/libselinux.so.1
7f9a8b30d000-7f9a8b50c000 ---p 0001f000 08:01 8131206                    /lib/x86_64-linux-gnu/libselinux.so.1
7f9a8b50c000-7f9a8b50d000 r--p 0001e000 08:01 8131206                    /lib/x86_64-linux-gnu/libselinux.so.1
7f9a8b50d000-7f9a8b50e000 rw-p 0001f000 08:01 8131206                    /lib/x86_64-linux-gnu/libselinux.so.1
7f9a8b50e000-7f9a8b510000 rw-p 00000000 00:00 0 
7f9a8b510000-7f9a8b61f000 r-xp 00000000 08:01 8131008                    /lib/x86_64-linux-gnu/libglib-2.0.so.0.4800.2
7f9a8b61f000-7f9a8b81e000 ---p 0010f000 08:01 8131008                    /lib/x86_64-linux-gnu/libglib-2.0.so.0.4800.2
7f9a8b81e000-7f9a8b81f000 r--p 0010e000 08:01 8131008                    /lib/x86_64-linux-gnu/libglib-2.0.so.0.4800.2
7f9a8b81f000-7f9a8b820000 rw-p 0010f000 08:01 8131008                    /lib/x86_64-linux-gnu/libglib-2.0.so.0.4800.2
7f9a8b820000-7f9a8b821000 rw-p 00000000 00:00 0 
7f9a8b821000-7f9a8b824000 r-xp 00000000 08:01 1442187                    /usr/lib/x86_64-linux-gnu/libgmodule-2.0.so.0.4800.2
7f9a8b824000-7f9a8ba23000 ---p 00003000 08:01 1442187                    /usr/lib/x86_64-linux-gnu/libgmodule-2.0.so.0.4800.2
7f9a8ba23000-7f9a8ba24000 r--p 00002000 08:01 1442187                    /usr/lib/x86_64-linux-gnu/libgmodule-2.0.so.0.4800.2
7f9a8ba24000-7f9a8ba25000 rw-p 00003000 08:01 1442187                    /usr/lib/x86_64-linux-gnu/libgmodule-2.0.so.0.4800.2
7f9a8ba25000-7f9a8ba77000 r-xp 00000000 08:01 1442211                    /usr/lib/x86_64-linux-gnu/libgobject-2.0.so.0.4800.2
7f9a8ba77000-7f9a8bc76000 ---p 00052000 08:01 1442211                    /usr/lib/x86_64-linux-gnu/libgobject-2.0.so.0.4800.2
7f9a8bc76000-7f9a8bc77000 r--p 00051000 08:01 1442211                    /usr/lib/x86_64-linux-gnu/libgobject-2.0.so.0.4800.2
7f9a8bc77000-7f9a8bc78000 rw-p 00052000 08:01 1442211                    /usr/lib/x86_64-linux-gnu/libgobject-2.0.so.0.4800.2
7f9a8bc78000-7f9a8bdf8000 r-xp 00000000 08:01 1442232                    /usr/lib/x86_64-linux-gnu/libgio-2.0.so.0.4800.2
7f9a8bdf8000-7f9a8bff8000 ---p 00180000 08:01 1442232                    /usr/lib/x86_64-linux-gnu/libgio-2.0.so.0.4800.2
7f9a8bff8000-7f9a8bffc000 r--p 00180000 08:01 1442232                    /usr/lib/x86_64-linux-gnu/libgio-2.0.so.0.4800.2
7f9a8bffc000-7f9a8bffe000 rw-p 00184000 08:01 1442232                    /usr/lib/x86_64-linux-gnu/libgio-2.0.so.0.4800.2
7f9a8bffe000-7f9a8c000000 rw-p 00000000 00:00 0 
7f9a8c000000-7f9a8c021000 rw-p 00000000 00:00 0 
7f9a8c021000-7f9a90000000 ---p 00000000 00:00 0 
7f9a90000000-7f9a90021000 rw-p 00000000 00:00 0 
7f9a90021000-7f9a94000000 ---p 00000000 00:00 0 
7f9a94000000-7f9a94603000 rw-p 00000000 00:00 0 
7f9a94603000-7f9a98000000 ---p 00000000 00:00 0 
7f9a98000000-7f9a98021000 rw-p 00000000 00:00 0 
7f9a98021000-7f9a9c000000 ---p 00000000 00:00 0 
7f9a9c000000-7f9a9c021000 rw-p 00000000 00:00 0 
7f9a9c021000-7f9aa0000000 ---p 00000000 00:00 0 
7f9aa0000000-7f9aa05e1000 rw-p 00000000 00:00 0 
7f9aa05e1000-7f9aa4000000 ---p 00000000 00:00 0 
7f9aa4000000-7f9aa4021000 rw-p 00000000 00:00 0 
7f9aa4021000-7f9aa8000000 ---p 00000000 00:00 0 
7f9aa8000000-7f9aa8021000 rw-p 00000000 00:00 0 
7f9aa8021000-7f9aac000000 ---p 00000000 00:00 0 
7f9aac000000-7f9aac021000 rw-p 00000000 00:00 0 
7f9aac021000-7f9ab0000000 ---p 00000000 00:00 0 
7f9ab0000000-7f9ab0021000 rw-p 00000000 00:00 0 
7f9ab0021000-7f9ab4000000 ---p 00000000 00:00 0 
7f9ab4037000-7f9ab4042000 r--s 00000000 08:01 8650846                    /var/cache/fontconfig/945677eb7aeaf62f1d50efc3fb3ec7d8-le64.cache-6
7f9ab4042000-7f9ab4048000 r--s 00000000 08:01 8650828                    /var/cache/fontconfig/2cd17615ca594fa2959ae173292e504c-le64.cache-6
7f9ab4048000-7f9ab404f000 r--s 00000000 08:01 8663203                    /var/cache/fontconfig/6eb3985aa4124903f6ff08ba781cd364-le64.cache-6
7f9ab404f000-7f9ab4050000 r--s 00000000 08:01 8650825                    /var/cache/fontconfig/0d8c3b2ac0904cb8a57a757ad11a4a08-le64.cache-6
7f9ab4050000-7f9ab4054000 r--s 00000000 08:01 8663198                    /var/cache/fontconfig/6d41288fd70b0be22e8c3a91e032eec0-le64.cache-6
7f9ab4054000-7f9ab4058000 r--s 00000000 08:01 8663196                    /var/cache/fontconfig/de156ccd2eddbdc19d37a45b8b2aac9c-le64.cache-6
7f9ab4058000-7f9ab406d000 r--s 00000000 08:01 8650822                    /var/cache/fontconfig/04aabc0a78ac019cf9454389977116d2-le64.cache-6
7f9ab406d000-7f9ab406e000 r--s 00000000 08:01 8650827                    /var/cache/fontconfig/1ac9eb803944fde146138c791f5cc56a-le64.cache-6
7f9ab406e000-7f9ab4072000 r--s 00000000 08:01 8650832                    /var/cache/fontconfig/385c0604a188198f04d133e54aba7fe7-le64.cache-6
7f9ab4072000-7f9ab4073000 r--s 00000000 08:01 8650859                    /var/cache/fontconfig/dc05db6664285cc2f12bf69c139ae4c3-le64.cache-6
7f9ab4073000-7f9ab4076000 r--s 00000000 08:01 8650842                    /var/cache/fontconfig/767a8244fc0220cfb567a839d0392e0b-le64.cache-6
7f9ab4076000-7f9ab4077000 r--s 00000000 08:01 8650833                    /var/cache/fontconfig/4794a0821666d79190d59a36cb4f44b5-le64.cache-6
7f9ab4077000-7f9ab407c000 r--s 00000000 08:01 8650845                    /var/cache/fontconfig/8801497958630a81b71ace7c5f9b32a8-le64.cache-6
7f9ab407c000-7f9ab4080000 r--s 00000000 08:01 8663195                    /var/cache/fontconfig/c57959a16110560c8d0fcea73374aeeb-le64.cache-6
7f9ab4080000-7f9ab4081000 r--s 00000000 08:01 8650852                    /var/cache/fontconfig/bab58bb527bb656aaa9f116d68a48d89-le64.cache-6
7f9ab4081000-7f9ab4088000 r--s 00000000 08:01 8650829                    /var/cache/fontconfig/3047814df9a2f067bd2d96a2b9c36e5a-le64.cache-6
7f9ab4088000-7f9ab4090000 r--s 00000000 08:01 8663191                    /var/cache/fontconfig/bf3b770c553c462765856025a94f1ce6-le64.cache-6
7f9ab4090000-7f9ab4096000 r--s 00000000 08:01 8650850                    /var/cache/fontconfig/b47c4e1ecd0709278f4910c18777a504-le64.cache-6
7f9ab4096000-7f9ab40a9000 r--s 00000000 08:01 8650856                    /var/cache/fontconfig/d52a8644073d54c13679302ca1180695-le64.cache-6
7f9ab40a9000-7f9ab40b3000 r-xp 00000000 08:01 1450097                    /usr/lib/x86_64-linux-gnu/libXrandr.so.2.2.0
7f9ab40b3000-7f9ab42b2000 ---p 0000a000 08:01 1450097                    /usr/lib/x86_64-linux-gnu/libXrandr.so.2.2.0
7f9ab42b2000-7f9ab42b3000 r--p 00009000 08:01 1450097                    /usr/lib/x86_64-linux-gnu/libXrandr.so.2.2.0
7f9ab42b3000-7f9ab42b4000 rw-p 0000a000 08:01 1450097                    /usr/lib/x86_64-linux-gnu/libXrandr.so.2.2.0
7f9ab42b4000-7f9ab42d8000 r-xp 00000000 08:01 8131059                    /lib/x86_64-linux-gnu/libpng12.so.0.54.0
7f9ab42d8000-7f9ab44d7000 ---p 00024000 08:01 8131059                    /lib/x86_64-linux-gnu/libpng12.so.0.54.0
7f9ab44d7000-7f9ab44d8000 r--p 00023000 08:01 8131059                    /lib/x86_64-linux-gnu/libpng12.so.0.54.0
7f9ab44d8000-7f9ab44d9000 rw-p 00024000 08:01 8131059                    /lib/x86_64-linux-gnu/libpng12.so.0.54.0
7f9ab44d9000-7f9ab457d000 r-xp 00000000 08:01 1453774                    /usr/lib/x86_64-linux-gnu/libfreetype.so.6.12.1
7f9ab457d000-7f9ab477c000 ---p 000a4000 08:01 1453774                    /usr/lib/x86_64-linux-gnu/libfreetype.so.6.12.1
7f9ab477c000-7f9ab4782000 r--p 000a3000 08:01 1453774                    /usr/lib/x86_64-linux-gnu/libfreetype.so.6.12.1
7f9ab4782000-7f9ab4783000 rw-p 000a9000 08:01 1453774                    /usr/lib/x86_64-linux-gnu/libfreetype.so.6.12.1
7f9ab4783000-7f9ab4840000 r-xp 00000000 08:01 1575725                    /usr/lib/jvm/java-11-oracle/lib/libfontmanager.so
7f9ab4840000-7f9ab4a3f000 ---p 000bd000 08:01 1575725                    /usr/lib/jvm/java-11-oracle/lib/libfontmanager.so
7f9ab4a3f000-7f9ab4a41000 r--p 000bc000 08:01 1575725                    /usr/lib/jvm/java-11-oracle/lib/libfontmanager.so
7f9ab4a41000-7f9ab4a42000 rw-p 000be000 08:01 1575725                    /usr/lib/jvm/java-11-oracle/lib/libfontmanager.so
7f9ab4a42000-7f9ab4a43000 rw-p 00000000 00:00 0 
7f9ab4a43000-7f9ab4a48000 r-xp 00000000 08:01 1450077                    /usr/lib/x86_64-linux-gnu/libXdmcp.so.6.0.0
7f9ab4a48000-7f9ab4c47000 ---p 00005000 08:01 1450077                    /usr/lib/x86_64-linux-gnu/libXdmcp.so.6.0.0
7f9ab4c47000-7f9ab4c48000 r--p 00004000 08:01 1450077                    /usr/lib/x86_64-linux-gnu/libXdmcp.so.6.0.0
7f9ab4c48000-7f9ab4c49000 rw-p 00005000 08:01 1450077                    /usr/lib/x86_64-linux-gnu/libXdmcp.so.6.0.0
7f9ab4c49000-7f9ab4c4b000 r-xp 00000000 08:01 1450066                    /usr/lib/x86_64-linux-gnu/libXau.so.6.0.0
7f9ab4c4b000-7f9ab4e4b000 ---p 00002000 08:01 1450066                    /usr/lib/x86_64-linux-gnu/libXau.so.6.0.0
7f9ab4e4b000-7f9ab4e4c000 r--p 00002000 08:01 1450066                    /usr/lib/x86_64-linux-gnu/libXau.so.6.0.0
7f9ab4e4c000-7f9ab4e4d000 rw-p 00003000 08:01 1450066                    /usr/lib/x86_64-linux-gnu/libXau.so.6.0.0
7f9ab4e4d000-7f9ab4e6e000 r-xp 00000000 08:01 1451475                    /usr/lib/x86_64-linux-gnu/libxcb.so.1.1.0
7f9ab4e6e000-7f9ab506d000 ---p 00021000 08:01 1451475                    /usr/lib/x86_64-linux-gnu/libxcb.so.1.1.0
7f9ab506d000-7f9ab506e000 r--p 00020000 08:01 1451475                    /usr/lib/x86_64-linux-gnu/libxcb.so.1.1.0
7f9ab506e000-7f9ab506f000 rw-p 00021000 08:01 1451475                    /usr/lib/x86_64-linux-gnu/libxcb.so.1.1.0
7f9ab506f000-7f9ab507e000 r-xp 00000000 08:01 1450087                    /usr/lib/x86_64-linux-gnu/libXi.so.6.1.0
7f9ab507e000-7f9ab527d000 ---p 0000f000 08:01 1450087                    /usr/lib/x86_64-linux-gnu/libXi.so.6.1.0
7f9ab527d000-7f9ab527e000 r--p 0000e000 08:01 1450087                    /usr/lib/x86_64-linux-gnu/libXi.so.6.1.0
7f9ab527e000-7f9ab527f000 rw-p 0000f000 08:01 1450087                    /usr/lib/x86_64-linux-gnu/libXi.so.6.1.0
7f9ab527f000-7f9ab5284000 r-xp 00000000 08:01 1450105                    /usr/lib/x86_64-linux-gnu/libXtst.so.6.1.0
7f9ab5284000-7f9ab5483000 ---p 00005000 08:01 1450105                    /usr/lib/x86_64-linux-gnu/libXtst.so.6.1.0
7f9ab5483000-7f9ab5484000 r--p 00004000 08:01 1450105                    /usr/lib/x86_64-linux-gnu/libXtst.so.6.1.0
7f9ab5484000-7f9ab5485000 rw-p 00005000 08:01 1450105                    /usr/lib/x86_64-linux-gnu/libXtst.so.6.1.0
7f9ab5485000-7f9ab548e000 r-xp 00000000 08:01 1450099                    /usr/lib/x86_64-linux-gnu/libXrender.so.1.3.0
7f9ab548e000-7f9ab568d000 ---p 00009000 08:01 1450099                    /usr/lib/x86_64-linux-gnu/libXrender.so.1.3.0
7f9ab568d000-7f9ab568e000 r--p 00008000 08:01 1450099                    /usr/lib/x86_64-linux-gnu/libXrender.so.1.3.0
7f9ab568e000-7f9ab568f000 rw-p 00009000 08:01 1450099                    /usr/lib/x86_64-linux-gnu/libXrender.so.1.3.0
7f9ab568f000-7f9ab57c4000 r-xp 00000000 08:01 1450573                    /usr/lib/x86_64-linux-gnu/libX11.so.6.3.0
7f9ab57c4000-7f9ab59c4000 ---p 00135000 08:01 1450573                    /usr/lib/x86_64-linux-gnu/libX11.so.6.3.0
7f9ab59c4000-7f9ab59c5000 r--p 00135000 08:01 1450573                    /usr/lib/x86_64-linux-gnu/libX11.so.6.3.0
7f9ab59c5000-7f9ab59c9000 rw-p 00136000 08:01 1450573                    /usr/lib/x86_64-linux-gnu/libX11.so.6.3.0
7f9ab59c9000-7f9ab59da000 r-xp 00000000 08:01 1450079                    /usr/lib/x86_64-linux-gnu/libXext.so.6.4.0
7f9ab59da000-7f9ab5bd9000 ---p 00011000 08:01 1450079                    /usr/lib/x86_64-linux-gnu/libXext.so.6.4.0
7f9ab5bd9000-7f9ab5bda000 r--p 00010000 08:01 1450079                    /usr/lib/x86_64-linux-gnu/libXext.so.6.4.0
7f9ab5bda000-7f9ab5bdb000 rw-p 00011000 08:01 1450079                    /usr/lib/x86_64-linux-gnu/libXext.so.6.4.0
7f9ab5bdb000-7f9ab5c39000 r-xp 00000000 08:01 1575722                    /usr/lib/jvm/java-11-oracle/lib/libawt_xawt.so
7f9ab5c39000-7f9ab5e38000 ---p 0005e000 08:01 1575722                    /usr/lib/jvm/java-11-oracle/lib/libawt_xawt.so
7f9ab5e38000-7f9ab5e39000 r--p 0005d000 08:01 1575722                    /usr/lib/jvm/java-11-oracle/lib/libawt_xawt.so
7f9ab5e39000-7f9ab5e3c000 rw-p 0005e000 08:01 1575722                    /usr/lib/jvm/java-11-oracle/lib/libawt_xawt.so
7f9ab5e3c000-7f9ab5e3e000 rw-p 00000000 00:00 0 
7f9ab5e3e000-7f9ab5ede000 r-xp 00000000 08:01 1575720                    /usr/lib/jvm/java-11-oracle/lib/libawt.so
7f9ab5ede000-7f9ab60de000 ---p 000a0000 08:01 1575720                    /usr/lib/jvm/java-11-oracle/lib/libawt.so
7f9ab60de000-7f9ab60df000 r--p 000a0000 08:01 1575720                    /usr/lib/jvm/java-11-oracle/lib/libawt.so
7f9ab60df000-7f9ab60ea000 rw-p 000a1000 08:01 1575720                    /usr/lib/jvm/java-11-oracle/lib/libawt.so
7f9ab60ea000-7f9ab610f000 rw-p 00000000 00:00 0 
7f9ab610f000-7f9ab6125000 r-xp 00000000 08:01 1577714                    /usr/lib/jvm/java-11-oracle/lib/libnet.so
7f9ab6125000-7f9ab6325000 ---p 00016000 08:01 1577714                    /usr/lib/jvm/java-11-oracle/lib/libnet.so
7f9ab6325000-7f9ab6326000 r--p 00016000 08:01 1577714                    /usr/lib/jvm/java-11-oracle/lib/libnet.so
7f9ab6326000-7f9ab6327000 rw-p 00017000 08:01 1577714                    /usr/lib/jvm/java-11-oracle/lib/libnet.so
7f9ab6327000-7f9ab6337000 r-xp 00000000 08:01 1577715                    /usr/lib/jvm/java-11-oracle/lib/libnio.so
7f9ab6337000-7f9ab6536000 ---p 00010000 08:01 1577715                    /usr/lib/jvm/java-11-oracle/lib/libnio.so
7f9ab6536000-7f9ab6537000 r--p 0000f000 08:01 1577715                    /usr/lib/jvm/java-11-oracle/lib/libnio.so
7f9ab6537000-7f9ab6538000 rw-p 00010000 08:01 1577715                    /usr/lib/jvm/java-11-oracle/lib/libnio.so
7f9ab6538000-7f9ab653c000 ---p 00000000 00:00 0 
7f9ab653c000-7f9ab6639000 rw-p 00000000 00:00 0 
7f9ab6639000-7f9ab663a000 ---p 00000000 00:00 0 
7f9ab663a000-7f9ab673a000 rw-p 00000000 00:00 0 
7f9ab673a000-7f9ab673e000 ---p 00000000 00:00 0 
7f9ab673e000-7f9ab683b000 rw-p 00000000 00:00 0 
7f9ab683b000-7f9ab683f000 ---p 00000000 00:00 0 
7f9ab683f000-7f9ab693c000 rw-p 00000000 00:00 0 
7f9ab693c000-7f9ab6940000 ---p 00000000 00:00 0 
7f9ab6940000-7f9ab6a3d000 rw-p 00000000 00:00 0 
7f9ab6a3d000-7f9ab6a41000 ---p 00000000 00:00 0 
7f9ab6a41000-7f9ab6b3e000 rw-p 00000000 00:00 0 
7f9ab6b3e000-7f9ab6b42000 ---p 00000000 00:00 0 
7f9ab6b42000-7f9ab6c3f000 rw-p 00000000 00:00 0 
7f9ab6c3f000-7f9ab75fe000 r--p 00000000 08:01 1449079                    /usr/lib/locale/locale-archive
7f9ab75fe000-7f9ab7602000 ---p 00000000 00:00 0 
7f9ab7602000-7f9ab76ff000 rw-p 00000000 00:00 0 
7f9ab76ff000-7f9ab7703000 ---p 00000000 00:00 0 
7f9ab7703000-7f9ab8000000 rw-p 00000000 00:00 0 
7f9ab8000000-7f9ab8021000 rw-p 00000000 00:00 0 
7f9ab8021000-7f9abc000000 ---p 00000000 00:00 0 
7f9abc000000-7f9abc021000 rw-p 00000000 00:00 0 
7f9abc021000-7f9ac0000000 ---p 00000000 00:00 0 
7f9ac0000000-7f9ac0021000 rw-p 00000000 00:00 0 
7f9ac0021000-7f9ac4000000 ---p 00000000 00:00 0 
7f9ac4000000-7f9ac4001000 r--s 00000000 08:01 8650836                    /var/cache/fontconfig/56cf4f4769d0f4abc89a4895d7bd3ae1-le64.cache-6
7f9ac4001000-7f9ac4002000 r--s 00000000 08:01 8650851                    /var/cache/fontconfig/b9d506c9ac06c20b433354fa67a72993-le64.cache-6
7f9ac4002000-7f9ac4003000 r--s 00000000 08:01 8650835                    /var/cache/fontconfig/551ecf3b0e8b0bca0f25c0944f561853-le64.cache-6
7f9ac4003000-7f9ac4007000 r--s 00000000 08:01 8650857                    /var/cache/fontconfig/d589a48862398ed80a3d6066f4f56f4c-le64.cache-6
7f9ac4007000-7f9ac4008000 r--s 00000000 08:01 8650830                    /var/cache/fontconfig/30829fa25452a46451e813d634d7f916-le64.cache-6
7f9ac4008000-7f9ac4009000 r--s 00000000 08:01 8650824                    /var/cache/fontconfig/0c9eb80ebd1c36541ebe2852d3bb0c49-le64.cache-6
7f9ac4009000-7f9ac400c000 r--s 00000000 08:01 8650841                    /var/cache/fontconfig/75114ca45c98e8a441da0ff356701271-le64.cache-6
7f9ac400c000-7f9ac4017000 r--s 00000000 08:01 8650844                    /var/cache/fontconfig/83bf95040141907cd45bb53cf7c1c148-le64.cache-6
7f9ac4017000-7f9ac4029000 r--s 00000000 08:01 8650848                    /var/cache/fontconfig/9b89f8e3dae116d678bbf48e5f21f69b-le64.cache-6
7f9ac4029000-7f9ac4036000 r--s 00000000 08:01 8650979                    /var/cache/fontconfig/e13b20fdb08344e0e664864cc2ede53d-le64.cache-6
7f9ac4036000-7f9ac403a000 r--s 00000000 08:01 8650853                    /var/cache/fontconfig/7ef2298fde41cc6eeb7af42e48b7d293-le64.cache-6
7f9ac403a000-7f9ac4045000 r--s 00000000 08:01 8650846                    /var/cache/fontconfig/945677eb7aeaf62f1d50efc3fb3ec7d8-le64.cache-6
7f9ac4045000-7f9ac404b000 r--s 00000000 08:01 8650828                    /var/cache/fontconfig/2cd17615ca594fa2959ae173292e504c-le64.cache-6
7f9ac404b000-7f9ac4052000 r--s 00000000 08:01 8663203                    /var/cache/fontconfig/6eb3985aa4124903f6ff08ba781cd364-le64.cache-6
7f9ac4052000-7f9ac4056000 r--s 00000000 08:01 8663198                    /var/cache/fontconfig/6d41288fd70b0be22e8c3a91e032eec0-le64.cache-6
7f9ac4056000-7f9ac405a000 r--s 00000000 08:01 8663196                    /var/cache/fontconfig/de156ccd2eddbdc19d37a45b8b2aac9c-le64.cache-6
7f9ac405a000-7f9ac406f000 r--s 00000000 08:01 8650822                    /var/cache/fontconfig/04aabc0a78ac019cf9454389977116d2-le64.cache-6
7f9ac406f000-7f9ac4073000 r--s 00000000 08:01 8650832                    /var/cache/fontconfig/385c0604a188198f04d133e54aba7fe7-le64.cache-6
7f9ac4073000-7f9ac4076000 r--s 00000000 08:01 8650842                    /var/cache/fontconfig/767a8244fc0220cfb567a839d0392e0b-le64.cache-6
7f9ac4076000-7f9ac4089000 r--s 00000000 08:01 8650856                    /var/cache/fontconfig/d52a8644073d54c13679302ca1180695-le64.cache-6
7f9ac4089000-7f9ac40cf000 r--p 00000000 08:01 2510580                    /usr/share/glib-2.0/schemas/gschemas.compiled
7f9ac40cf000-7f9ac40d0000 ---p 00000000 00:00 0 
7f9ac40d0000-7f9ac62c8000 rw-p 00000000 00:00 0 
7f9ac62c8000-7f9ac70e8000 ---p 00000000 00:00 0 
7f9ac70e8000-7f9ac71e0000 rw-p 00000000 00:00 0 
7f9ac71e0000-7f9ac8000000 ---p 00000000 00:00 0 
7f9ac8000000-7f9ac8021000 rw-p 00000000 00:00 0 
7f9ac8021000-7f9acc000000 ---p 00000000 00:00 0 
7f9acc000000-7f9acc001000 r--s 00000000 08:01 8650825                    /var/cache/fontconfig/0d8c3b2ac0904cb8a57a757ad11a4a08-le64.cache-6
7f9acc001000-7f9acc002000 r--s 00000000 08:01 8650827                    /var/cache/fontconfig/1ac9eb803944fde146138c791f5cc56a-le64.cache-6
7f9acc002000-7f9acc007000 r--s 00000000 08:01 8650845                    /var/cache/fontconfig/8801497958630a81b71ace7c5f9b32a8-le64.cache-6
7f9acc007000-7f9acc00b000 r--s 00000000 08:01 8663195                    /var/cache/fontconfig/c57959a16110560c8d0fcea73374aeeb-le64.cache-6
7f9acc00b000-7f9acc012000 r--s 00000000 08:01 8650829                    /var/cache/fontconfig/3047814df9a2f067bd2d96a2b9c36e5a-le64.cache-6
7f9acc012000-7f9acc093000 rw-p 00000000 00:00 0 
7f9acc093000-7f9acc094000 ---p 00000000 00:00 0 
7f9acc094000-7f9acc194000 rw-p 00000000 00:00 0 
7f9acc194000-7f9acc195000 ---p 00000000 00:00 0 
7f9acc195000-7f9acc497000 rw-p 00000000 00:00 0 
7f9acc497000-7f9acc498000 ---p 00000000 00:00 0 
7f9acc498000-7f9acc598000 rw-p 00000000 00:00 0 
7f9acc598000-7f9acc599000 ---p 00000000 00:00 0 
7f9acc599000-7f9acc6b8000 rw-p 00000000 00:00 0 
7f9acc6b8000-7f9acc87c000 ---p 00000000 00:00 0 
7f9acc87c000-7f9acc89b000 rw-p 00000000 00:00 0 
7f9acc89b000-7f9acca5f000 ---p 00000000 00:00 0 
7f9acca5f000-7f9acca7e000 rw-p 00000000 00:00 0 
7f9acca7e000-7f9accc42000 ---p 00000000 00:00 0 
7f9accc42000-7f9acceb2000 rwxp 00000000 00:00 0 
7f9acceb2000-7f9acd1d1000 ---p 00000000 00:00 0 
7f9acd1d1000-7f9acd441000 rwxp 00000000 00:00 0 
7f9acd441000-7f9ad4709000 ---p 00000000 00:00 0 
7f9ad4709000-7f9ad4979000 rwxp 00000000 00:00 0 
7f9ad4979000-7f9adbc42000 ---p 00000000 00:00 0 
7f9adbc42000-7f9ae4000000 r--s 00000000 08:01 1578701                    /usr/lib/jvm/java-11-oracle/lib/modules
7f9ae4000000-7f9ae4555000 rw-p 00000000 00:00 0 
7f9ae4555000-7f9ae8000000 ---p 00000000 00:00 0 
7f9ae8000000-7f9ae8001000 r--s 00000000 08:01 8650859                    /var/cache/fontconfig/dc05db6664285cc2f12bf69c139ae4c3-le64.cache-6
7f9ae8001000-7f9ae8002000 r--s 00000000 08:01 8650833                    /var/cache/fontconfig/4794a0821666d79190d59a36cb4f44b5-le64.cache-6
7f9ae8002000-7f9ae8003000 r--s 00000000 08:01 8650852                    /var/cache/fontconfig/bab58bb527bb656aaa9f116d68a48d89-le64.cache-6
7f9ae8003000-7f9ae800b000 r--s 00000000 08:01 8663191                    /var/cache/fontconfig/bf3b770c553c462765856025a94f1ce6-le64.cache-6
7f9ae800b000-7f9ae800c000 r--s 00000000 08:01 8650836                    /var/cache/fontconfig/56cf4f4769d0f4abc89a4895d7bd3ae1-le64.cache-6
7f9ae800c000-7f9ae8012000 r--s 00000000 08:01 8650850                    /var/cache/fontconfig/b47c4e1ecd0709278f4910c18777a504-le64.cache-6
7f9ae8012000-7f9ae8016000 r--s 00000000 08:01 8650857                    /var/cache/fontconfig/d589a48862398ed80a3d6066f4f56f4c-le64.cache-6
7f9ae8016000-7f9ae8028000 r--s 00000000 08:01 8650848                    /var/cache/fontconfig/9b89f8e3dae116d678bbf48e5f21f69b-le64.cache-6
7f9ae8028000-7f9ae8285000 rw-p 00000000 00:00 0 
7f9ae8285000-7f9ae8286000 ---p 00000000 00:00 0 
7f9ae8286000-7f9ae838b000 rw-p 00000000 00:00 0 
7f9ae838b000-7f9ae8471000 ---p 00000000 00:00 0 
7f9ae8471000-7f9ae8476000 rw-p 00000000 00:00 0 
7f9ae8476000-7f9ae855c000 ---p 00000000 00:00 0 
7f9ae855c000-7f9ae8577000 r-xp 00000000 08:01 1575735                    /usr/lib/jvm/java-11-oracle/lib/libjimage.so
7f9ae8577000-7f9ae8776000 ---p 0001b000 08:01 1575735                    /usr/lib/jvm/java-11-oracle/lib/libjimage.so
7f9ae8776000-7f9ae8778000 r--p 0001a000 08:01 1575735                    /usr/lib/jvm/java-11-oracle/lib/libjimage.so
7f9ae8778000-7f9ae8779000 rw-p 0001c000 08:01 1575735                    /usr/lib/jvm/java-11-oracle/lib/libjimage.so
7f9ae8779000-7f9ae8780000 r-xp 00000000 08:01 1578698                    /usr/lib/jvm/java-11-oracle/lib/libzip.so
7f9ae8780000-7f9ae897f000 ---p 00007000 08:01 1578698                    /usr/lib/jvm/java-11-oracle/lib/libzip.so
7f9ae897f000-7f9ae8980000 r--p 00006000 08:01 1578698                    /usr/lib/jvm/java-11-oracle/lib/libzip.so
7f9ae8980000-7f9ae8981000 rw-p 00007000 08:01 1578698                    /usr/lib/jvm/java-11-oracle/lib/libzip.so
7f9ae8981000-7f9ae898c000 r-xp 00000000 08:01 8126559                    /lib/x86_64-linux-gnu/libnss_files-2.23.so
7f9ae898c000-7f9ae8b8b000 ---p 0000b000 08:01 8126559                    /lib/x86_64-linux-gnu/libnss_files-2.23.so
7f9ae8b8b000-7f9ae8b8c000 r--p 0000a000 08:01 8126559                    /lib/x86_64-linux-gnu/libnss_files-2.23.so
7f9ae8b8c000-7f9ae8b8d000 rw-p 0000b000 08:01 8126559                    /lib/x86_64-linux-gnu/libnss_files-2.23.so
7f9ae8b8d000-7f9ae8b93000 rw-p 00000000 00:00 0 
7f9ae8b93000-7f9ae8b9e000 r-xp 00000000 08:01 8126552                    /lib/x86_64-linux-gnu/libnss_nis-2.23.so
7f9ae8b9e000-7f9ae8d9d000 ---p 0000b000 08:01 8126552                    /lib/x86_64-linux-gnu/libnss_nis-2.23.so
7f9ae8d9d000-7f9ae8d9e000 r--p 0000a000 08:01 8126552                    /lib/x86_64-linux-gnu/libnss_nis-2.23.so
7f9ae8d9e000-7f9ae8d9f000 rw-p 0000b000 08:01 8126552                    /lib/x86_64-linux-gnu/libnss_nis-2.23.so
7f9ae8d9f000-7f9ae8db5000 r-xp 00000000 08:01 8126557                    /lib/x86_64-linux-gnu/libnsl-2.23.so
7f9ae8db5000-7f9ae8fb4000 ---p 00016000 08:01 8126557                    /lib/x86_64-linux-gnu/libnsl-2.23.so
7f9ae8fb4000-7f9ae8fb5000 r--p 00015000 08:01 8126557                    /lib/x86_64-linux-gnu/libnsl-2.23.so
7f9ae8fb5000-7f9ae8fb6000 rw-p 00016000 08:01 8126557                    /lib/x86_64-linux-gnu/libnsl-2.23.so
7f9ae8fb6000-7f9ae8fb8000 rw-p 00000000 00:00 0 
7f9ae8fb8000-7f9ae8fc0000 r-xp 00000000 08:01 8130948                    /lib/x86_64-linux-gnu/libnss_compat-2.23.so
7f9ae8fc0000-7f9ae91bf000 ---p 00008000 08:01 8130948                    /lib/x86_64-linux-gnu/libnss_compat-2.23.so
7f9ae91bf000-7f9ae91c0000 r--p 00007000 08:01 8130948                    /lib/x86_64-linux-gnu/libnss_compat-2.23.so
7f9ae91c0000-7f9ae91c1000 rw-p 00008000 08:01 8130948                    /lib/x86_64-linux-gnu/libnss_compat-2.23.so
7f9ae91c1000-7f9ae91ea000 r-xp 00000000 08:01 1575731                    /usr/lib/jvm/java-11-oracle/lib/libjava.so
7f9ae91ea000-7f9ae93ea000 ---p 00029000 08:01 1575731                    /usr/lib/jvm/java-11-oracle/lib/libjava.so
7f9ae93ea000-7f9ae93eb000 r--p 00029000 08:01 1575731                    /usr/lib/jvm/java-11-oracle/lib/libjava.so
7f9ae93eb000-7f9ae93ed000 rw-p 0002a000 08:01 1575731                    /usr/lib/jvm/java-11-oracle/lib/libjava.so
7f9ae93ed000-7f9ae93fa000 r-xp 00000000 08:01 1578697                    /usr/lib/jvm/java-11-oracle/lib/libverify.so
7f9ae93fa000-7f9ae95f9000 ---p 0000d000 08:01 1578697                    /usr/lib/jvm/java-11-oracle/lib/libverify.so
7f9ae95f9000-7f9ae95fb000 r--p 0000c000 08:01 1578697                    /usr/lib/jvm/java-11-oracle/lib/libverify.so
7f9ae95fb000-7f9ae95fc000 rw-p 0000e000 08:01 1578697                    /usr/lib/jvm/java-11-oracle/lib/libverify.so
7f9ae95fc000-7f9ae9603000 r-xp 00000000 08:01 8126481                    /lib/x86_64-linux-gnu/librt-2.23.so
7f9ae9603000-7f9ae9802000 ---p 00007000 08:01 8126481                    /lib/x86_64-linux-gnu/librt-2.23.so
7f9ae9802000-7f9ae9803000 r--p 00006000 08:01 8126481                    /lib/x86_64-linux-gnu/librt-2.23.so
7f9ae9803000-7f9ae9804000 rw-p 00007000 08:01 8126481                    /lib/x86_64-linux-gnu/librt-2.23.so
7f9ae9804000-7f9ae990c000 r-xp 00000000 08:01 8131066                    /lib/x86_64-linux-gnu/libm-2.23.so
7f9ae990c000-7f9ae9b0b000 ---p 00108000 08:01 8131066                    /lib/x86_64-linux-gnu/libm-2.23.so
7f9ae9b0b000-7f9ae9b0c000 r--p 00107000 08:01 8131066                    /lib/x86_64-linux-gnu/libm-2.23.so
7f9ae9b0c000-7f9ae9b0d000 rw-p 00108000 08:01 8131066                    /lib/x86_64-linux-gnu/libm-2.23.so
7f9ae9b0d000-7f9aeac4c000 r-xp 00000000 08:01 1578713                    /usr/lib/jvm/java-11-oracle/lib/server/libjvm.so
7f9aeac4c000-7f9aeae4c000 ---p 0113f000 08:01 1578713                    /usr/lib/jvm/java-11-oracle/lib/server/libjvm.so
7f9aeae4c000-7f9aeaf0b000 r--p 0113f000 08:01 1578713                    /usr/lib/jvm/java-11-oracle/lib/server/libjvm.so
7f9aeaf0b000-7f9aeaf44000 rw-p 011fe000 08:01 1578713                    /usr/lib/jvm/java-11-oracle/lib/server/libjvm.so
7f9aeaf44000-7f9aeaf9a000 rw-p 00000000 00:00 0 
7f9aeaf9a000-7f9aeb15a000 r-xp 00000000 08:01 8126562                    /lib/x86_64-linux-gnu/libc-2.23.so
7f9aeb15a000-7f9aeb35a000 ---p 001c0000 08:01 8126562                    /lib/x86_64-linux-gnu/libc-2.23.so
7f9aeb35a000-7f9aeb35e000 r--p 001c0000 08:01 8126562                    /lib/x86_64-linux-gnu/libc-2.23.so
7f9aeb35e000-7f9aeb360000 rw-p 001c4000 08:01 8126562                    /lib/x86_64-linux-gnu/libc-2.23.so
7f9aeb360000-7f9aeb364000 rw-p 00000000 00:00 0 
7f9aeb364000-7f9aeb367000 r-xp 00000000 08:01 8126547                    /lib/x86_64-linux-gnu/libdl-2.23.so
7f9aeb367000-7f9aeb566000 ---p 00003000 08:01 8126547                    /lib/x86_64-linux-gnu/libdl-2.23.so
7f9aeb566000-7f9aeb567000 r--p 00002000 08:01 8126547                    /lib/x86_64-linux-gnu/libdl-2.23.so
7f9aeb567000-7f9aeb568000 rw-p 00003000 08:01 8126547                    /lib/x86_64-linux-gnu/libdl-2.23.so
7f9aeb568000-7f9aeb578000 r-xp 00000000 08:01 1575716                    /usr/lib/jvm/java-11-oracle/lib/jli/libjli.so
7f9aeb578000-7f9aeb777000 ---p 00010000 08:01 1575716                    /usr/lib/jvm/java-11-oracle/lib/jli/libjli.so
7f9aeb777000-7f9aeb778000 r--p 0000f000 08:01 1575716                    /usr/lib/jvm/java-11-oracle/lib/jli/libjli.so
7f9aeb778000-7f9aeb779000 rw-p 00010000 08:01 1575716                    /usr/lib/jvm/java-11-oracle/lib/jli/libjli.so
7f9aeb779000-7f9aeb791000 r-xp 00000000 08:01 8126549                    /lib/x86_64-linux-gnu/libpthread-2.23.so
7f9aeb791000-7f9aeb990000 ---p 00018000 08:01 8126549                    /lib/x86_64-linux-gnu/libpthread-2.23.so
7f9aeb990000-7f9aeb991000 r--p 00017000 08:01 8126549                    /lib/x86_64-linux-gnu/libpthread-2.23.so
7f9aeb991000-7f9aeb992000 rw-p 00018000 08:01 8126549                    /lib/x86_64-linux-gnu/libpthread-2.23.so
7f9aeb992000-7f9aeb996000 rw-p 00000000 00:00 0 
7f9aeb996000-7f9aeb9af000 r-xp 00000000 08:01 8130988                    /lib/x86_64-linux-gnu/libz.so.1.2.8
7f9aeb9af000-7f9aebbae000 ---p 00019000 08:01 8130988                    /lib/x86_64-linux-gnu/libz.so.1.2.8
7f9aebbae000-7f9aebbaf000 r--p 00018000 08:01 8130988                    /lib/x86_64-linux-gnu/libz.so.1.2.8
7f9aebbaf000-7f9aebbb0000 rw-p 00019000 08:01 8130988                    /lib/x86_64-linux-gnu/libz.so.1.2.8
7f9aebbb0000-7f9aebbd6000 r-xp 00000000 08:01 8126548                    /lib/x86_64-linux-gnu/ld-2.23.so
7f9aebbd6000-7f9aebbd7000 r--s 00000000 08:01 8650851                    /var/cache/fontconfig/b9d506c9ac06c20b433354fa67a72993-le64.cache-6
7f9aebbd7000-7f9aebbd8000 r--s 00000000 08:01 8650835                    /var/cache/fontconfig/551ecf3b0e8b0bca0f25c0944f561853-le64.cache-6
7f9aebbd8000-7f9aebbd9000 r--s 00000000 08:01 8650830                    /var/cache/fontconfig/30829fa25452a46451e813d634d7f916-le64.cache-6
7f9aebbd9000-7f9aebbda000 r--s 00000000 08:01 8650824                    /var/cache/fontconfig/0c9eb80ebd1c36541ebe2852d3bb0c49-le64.cache-6
7f9aebbda000-7f9aebbe5000 r--s 00000000 08:01 8650844                    /var/cache/fontconfig/83bf95040141907cd45bb53cf7c1c148-le64.cache-6
7f9aebbe5000-7f9aebbf2000 r--s 00000000 08:01 8650979                    /var/cache/fontconfig/e13b20fdb08344e0e664864cc2ede53d-le64.cache-6
7f9aebbf2000-7f9aebbf6000 r--s 00000000 08:01 8650853                    /var/cache/fontconfig/7ef2298fde41cc6eeb7af42e48b7d293-le64.cache-6
7f9aebbf6000-7f9aebc91000 rw-p 00000000 00:00 0 
7f9aebc91000-7f9aebc95000 ---p 00000000 00:00 0 
7f9aebc95000-7f9aebd97000 rw-p 00000000 00:00 0 
7f9aebd97000-7f9aebd9a000 r--s 00000000 08:01 8650841                    /var/cache/fontconfig/75114ca45c98e8a441da0ff356701271-le64.cache-6
7f9aebd9a000-7f9aebd9d000 r--p 00000000 08:01 3168180                    /home/user3/.config/dconf/user (deleted)
7f9aebd9d000-7f9aebd9e000 r--s 00000000 00:2b 31                         /run/user/1003/dconf/user (deleted)
7f9aebd9e000-7f9aebdc4000 rw-p 00000000 00:00 0 
7f9aebdc4000-7f9aebdcb000 ---p 00000000 00:00 0 
7f9aebdcb000-7f9aebdd3000 rw-s 00000000 08:01 3285703                    /tmp/hsperfdata_user3/5399
7f9aebdd3000-7f9aebdd4000 ---p 00000000 00:00 0 
7f9aebdd4000-7f9aebdd5000 r--p 00000000 00:00 0 
7f9aebdd5000-7f9aebdd6000 r--p 00025000 08:01 8126548                    /lib/x86_64-linux-gnu/ld-2.23.so
7f9aebdd6000-7f9aebdd7000 rw-p 00026000 08:01 8126548                    /lib/x86_64-linux-gnu/ld-2.23.so
7f9aebdd7000-7f9aebdd8000 rw-p 00000000 00:00 0 
7ffc2a4bf000-7ffc2a4e0000 rw-p 00000000 00:00 0                          [stack]
7ffc2a5f8000-7ffc2a5fa000 r--p 00000000 00:00 0                          [vvar]
7ffc2a5fa000-7ffc2a5fc000 r-xp 00000000 00:00 0                          [vdso]
ffffffffff600000-ffffffffff601000 r-xp 00000000 00:00 0                  [vsyscall]


VM Arguments:
jvm_args: -Dfile.encoding=UTF-8 
java_command: calc.MyCalculator
java_class_path (initial): /home/user3/ work400/git/Ex10/bin
Launcher Type: SUN_STANDARD

[Global flags]
     intx CICompilerCount                          = 2                                         {product} {ergonomic}
     uint ConcGCThreads                            = 1                                         {product} {ergonomic}
     uint G1ConcRefinementThreads                  = 2                                         {product} {ergonomic}
   size_t G1HeapRegionSize                         = 1048576                                   {product} {ergonomic}
    uintx GCDrainStackTargetSize                   = 64                                        {product} {ergonomic}
   size_t InitialHeapSize                          = 65011712                                  {product} {ergonomic}
   size_t MarkStackSize                            = 4194304                                   {product} {ergonomic}
   size_t MaxHeapSize                              = 1012924416                                {product} {ergonomic}
   size_t MaxNewSize                               = 607125504                                 {product} {ergonomic}
   size_t MinHeapDeltaBytes                        = 1048576                                   {product} {ergonomic}
    uintx NonNMethodCodeHeapSize                   = 5824844                                {pd product} {ergonomic}
    uintx NonProfiledCodeHeapSize                  = 122916698                              {pd product} {ergonomic}
    uintx ProfiledCodeHeapSize                     = 122916698                              {pd product} {ergonomic}
    uintx ReservedCodeCacheSize                    = 251658240                              {pd product} {ergonomic}
     bool SegmentedCodeCache                       = true                                      {product} {ergonomic}
     bool UseCompressedClassPointers               = true                                 {lp64_product} {ergonomic}
     bool UseCompressedOops                        = true                                 {lp64_product} {ergonomic}
     bool UseG1GC                                  = true                                      {product} {ergonomic}

Logging:
Log output configuration:
 #0: stdout all=warning uptime,level,tags
 #1: stderr all=off uptime,level,tags

Environment Variables:
JAVA_HOME=/usr/lib/jvm/java-11-oracle
PATH=/home/user3/bin:/home/user3/.local/bin:/usr/local/sbin:/usr/local/bin:/usr/sbin:/usr/bin:/sbin:/bin:/usr/games:/usr/local/games:/snap/bin:/usr/lib/jvm/java-11-oracle/bin:/usr/lib/jvm/java-11-oracle/db/bin
SHELL=/bin/bash
DISPLAY=:0

Signal Handlers:
SIGSEGV: [libjvm.so+0xe2adf0], sa_mask[0]=11111111011111111101111111111110, sa_flags=SA_RESTART|SA_SIGINFO
SIGBUS: [libjvm.so+0xe2adf0], sa_mask[0]=11111111011111111101111111111110, sa_flags=SA_RESTART|SA_SIGINFO
SIGFPE: [libjvm.so+0xe2adf0], sa_mask[0]=11111111011111111101111111111110, sa_flags=SA_RESTART|SA_SIGINFO
SIGPIPE: SIG_IGN, sa_mask[0]=00000000000010000000000000000000, sa_flags=SA_RESTART
SIGXFSZ: [libjvm.so+0xbff5b0], sa_mask[0]=11111111011111111101111111111110, sa_flags=SA_RESTART|SA_SIGINFO
SIGILL: [libjvm.so+0xe2adf0], sa_mask[0]=11111111011111111101111111111110, sa_flags=SA_RESTART|SA_SIGINFO
SIGUSR2: [libjvm.so+0xbff450], sa_mask[0]=00100000000000000000000000000000, sa_flags=SA_RESTART|SA_SIGINFO
SIGHUP: [libjvm.so+0xbff7b0], sa_mask[0]=11111111011111111101111111111110, sa_flags=SA_RESTART|SA_SIGINFO
SIGINT: [libjvm.so+0xbff7b0], sa_mask[0]=11111111011111111101111111111110, sa_flags=SA_RESTART|SA_SIGINFO
SIGTERM: [libjvm.so+0xbff7b0], sa_mask[0]=11111111011111111101111111111110, sa_flags=SA_RESTART|SA_SIGINFO
SIGQUIT: [libjvm.so+0xbff7b0], sa_mask[0]=11111111011111111101111111111110, sa_flags=SA_RESTART|SA_SIGINFO


---------------  S Y S T E M  ---------------

OS:DISTRIB_ID=Ubuntu
DISTRIB_RELEASE=16.04
DISTRIB_CODENAME=xenial
DISTRIB_DESCRIPTION="Ubuntu 16.04.2 LTS"
uname:Linux 4.8.0-36-generic #36~16.04.1-Ubuntu SMP Sun Feb 5 09:39:57 UTC 2017 x86_64
libc:glibc 2.23 NPTL 2.23 
rlimit: STACK 8192k, CORE 0k, NPROC 15258, NOFILE 65536, AS infinity, DATA infinity, FSIZE infinity
load average:0.04 0.18 0.23

/proc/meminfo:
MemTotal:        3948680 kB
MemFree:         2056964 kB
MemAvailable:    2493088 kB
Buffers:          117560 kB
Cached:           560292 kB
SwapCached:          180 kB
Active:          1285280 kB
Inactive:         424032 kB
Active(anon):     939108 kB
Inactive(anon):   185372 kB
Active(file):     346172 kB
Inactive(file):   238660 kB
Unevictable:          32 kB
Mlocked:              32 kB
SwapTotal:       7811068 kB
SwapFree:        7798632 kB
Dirty:                60 kB
Writeback:             0 kB
AnonPages:       1027664 kB
Mapped:           166960 kB
Shmem:             92932 kB
Slab:             137464 kB
SReclaimable:     111752 kB
SUnreclaim:        25712 kB
KernelStack:        4592 kB
PageTables:         9356 kB
NFS_Unstable:          0 kB
Bounce:                0 kB
WritebackTmp:          0 kB
CommitLimit:     9785408 kB
Committed_AS:    1828396 kB
VmallocTotal:   34359738367 kB
VmallocUsed:           0 kB
VmallocChunk:          0 kB
HardwareCorrupted:     0 kB
AnonHugePages:    759808 kB
ShmemHugePages:        0 kB
ShmemPmdMapped:        0 kB
CmaTotal:              0 kB
CmaFree:               0 kB
HugePages_Total:       0
HugePages_Free:        0
HugePages_Rsvd:        0
HugePages_Surp:        0
Hugepagesize:       2048 kB
DirectMap4k:       91408 kB
DirectMap2M:     4005888 kB


/proc/sys/kernel/threads-max (system-wide limit on the number of threads):
30517


/proc/sys/vm/max_map_count (maximum number of memory map areas a process may have):
65530


/proc/sys/kernel/pid_max (system-wide limit on number of process identifiers):
32768



container (cgroup) information:
container_type: cgroupv1
cpu_cpuset_cpus: 0-1
cpu_memory_nodes: 0
active_processor_count: 2
cpu_quota: -1
cpu_period: 100000
cpu_shares: -1
memory_limit_in_bytes: -1
memory_and_swap_limit_in_bytes: -2
memory_soft_limit_in_bytes: -1
memory_usage_in_bytes: 1750441984
memory_max_usage_in_bytes: 767250432


CPU:total 2 (initial active 2) (2 cores per cpu, 1 threads per core) family 6 model 42 stepping 7, cmov, cx8, fxsr, mmx, sse, sse2, sse3, ssse3, sse4.1, sse4.2, popcnt, clmul, tsc, tscinvbit
CPU Model and flags from /proc/cpuinfo:
model name	: Intel(R) Pentium(R) CPU G630 @ 2.70GHz
flags		: fpu vme de pse tsc msr pae mce cx8 apic sep mtrr pge mca cmov pat pse36 clflush dts acpi mmx fxsr sse sse2 ss ht tm pbe syscall nx rdtscp lm constant_tsc arch_perfmon pebs bts rep_good nopl xtopology nonstop_tsc aperfmperf eagerfpu pni pclmulqdq dtes64 monitor ds_cpl vmx est tm2 ssse3 cx16 xtpr pdcm pcid sse4_1 sse4_2 popcnt tsc_deadline_timer xsave lahf_lm epb tpr_shadow vnmi flexpriority ept vpid xsaveopt dtherm arat pln pts

Memory: 4k page, physical 3948680k(2056964k free), swap 7811068k(7798632k free)

vm_info: Java HotSpot(TM) 64-Bit Server VM (11.0.2+9-LTS) for linux-amd64 JRE (11.0.2+9-LTS), built on Jan 17 2019 21:22:50 by "mach5one" with gcc 7.3.0

END.
